Loading required package: Rsamtools
Loading required package: GenomeInfoDb
Loading required package: BiocGenerics
Loading required package: parallel

Attaching package: ‘BiocGenerics’

The following objects are masked from ‘package:parallel’:

    clusterApply, clusterApplyLB, clusterCall, clusterEvalQ,
    clusterExport, clusterMap, parApply, parCapply, parLapply,
    parLapplyLB, parRapply, parSapply, parSapplyLB

The following objects are masked from ‘package:stats’:

    IQR, mad, sd, var, xtabs

The following objects are masked from ‘package:base’:

    anyDuplicated, append, as.data.frame, basename, cbind, colMeans,
    colnames, colSums, dirname, do.call, duplicated, eval, evalq,
    Filter, Find, get, grep, grepl, intersect, is.unsorted, lapply,
    lengths, Map, mapply, match, mget, order, paste, pmax, pmax.int,
    pmin, pmin.int, Position, rank, rbind, Reduce, rowMeans, rownames,
    rowSums, sapply, setdiff, sort, table, tapply, union, unique,
    unsplit, which, which.max, which.min

Loading required package: S4Vectors
Loading required package: stats4

Attaching package: ‘S4Vectors’

The following object is masked from ‘package:base’:

    expand.grid

Loading required package: IRanges
Loading required package: GenomicRanges
Loading required package: Biostrings
Loading required package: XVector

Attaching package: ‘Biostrings’

The following object is masked from ‘package:base’:

    strsplit

Loading required package: BSgenome.Hsapiens.UCSC.hg19
Loading required package: BSgenome
Loading required package: rtracklayer

Attaching package: ‘CODEX2’

The following object is masked from ‘package:BiocGenerics’:

    normalize

Warning message:
package ‘CODEX2’ was built under R version 3.5.1 
Excluded 15326 exons due to extreme coverage.
Excluded 8927 exons due to extreme exonic length.
Excluded 7705 exons due to extreme mappability.
Excluded 261 exons due to extreme GC content.
After taking union, excluded 27679 out of 181528 exons in QC.
Error in file(filename, "r", encoding = encoding) : 
  cannot open the connection
Calls: source -> file
In addition: Warning message:
In file(filename, "r", encoding = encoding) :
  cannot open file 'normalize_codex2_nrl.R': No such file or directory
Execution halted
